<?xml version="1.0" encoding="UTF-8"?>
<testng-results skipped="0" failed="0" total="1" passed="1">
  <reporter-output>
  </reporter-output>
  <suite name="Default suite" duration-ms="5814" started-at="2021-03-04T03:23:52Z" finished-at="2021-03-04T03:23:58Z">
    <groups>
    </groups>
    <test name="Default test" duration-ms="5814" started-at="2021-03-04T03:23:52Z" finished-at="2021-03-04T03:23:58Z">
      <class name="com.abc.config.StartBrowser">
        <test-method status="PASS" signature="generateReport()[pri:0, instance:com.abc.config.StartBrowser@42e26948]" name="generateReport" is-config="true" duration-ms="241" started-at="2021-03-03T22:23:52Z" finished-at="2021-03-03T22:23:53Z">
          <reporter-output>
          </reporter-output>
        </test-method> <!-- generateReport -->
        <test-method status="PASS" signature="beforeClass()[pri:0, instance:com.abc.config.StartBrowser@42e26948]" name="beforeClass" is-config="true" duration-ms="2031" started-at="2021-03-03T22:23:53Z" finished-at="2021-03-03T22:23:55Z">
          <reporter-output>
          </reporter-output>
        </test-method> <!-- beforeClass -->
        <test-method status="PASS" signature="methodName(java.lang.reflect.Method)[pri:0, instance:com.abc.config.StartBrowser@42e26948]" name="methodName" is-config="true" duration-ms="11" started-at="2021-03-03T22:23:55Z" finished-at="2021-03-03T22:23:55Z">
          <params>
            <param index="0">
              <value>
                <![CDATA[public void com.abc.config.StartBrowser.lunch()]]>
              </value>
            </param>
          </params>
          <reporter-output>
          </reporter-output>
        </test-method> <!-- methodName -->
        <test-method status="PASS" signature="lunch()[pri:0, instance:com.abc.config.StartBrowser@42e26948]" name="lunch" duration-ms="2314" started-at="2021-03-03T22:23:55Z" finished-at="2021-03-03T22:23:57Z">
          <reporter-output>
          </reporter-output>
        </test-method> <!-- lunch -->
        <test-method status="PASS" signature="afterClass()[pri:0, instance:com.abc.config.StartBrowser@42e26948]" name="afterClass" is-config="true" duration-ms="1192" started-at="2021-03-03T22:23:57Z" finished-at="2021-03-03T22:23:58Z">
          <reporter-output>
          </reporter-output>
        </test-method> <!-- afterClass -->
      </class> <!-- com.abc.config.StartBrowser -->
    </test> <!-- Default test -->
  </suite> <!-- Default suite -->
</testng-results>
